<?xml version="1.0" encoding="UTF-8"?>
<!-- Generated by org.testng.reporters.JUnitXMLReporter -->
<testsuite hostname="HUERTAS" name="Default test" tests="4" failures="0" timestamp="20 Sep 2013 13:50:40 GMT" time="0.03" errors="0">
  <testcase name="create" time="0.006" classname="org.ventura.control.CuentaahorroServiceBeanTest"/>
  <testcase name="f" time="0.001" classname="org.ventura.control.CuentaahorroServiceBeanTest"/>
  <testcase name="f" time="0.001" classname="org.ventura.control.CuentaahorroServiceBeanTest"/>
  <testcase name="update" time="0.002" classname="org.ventura.control.CuentaahorroServiceBeanTest"/>
</testsuite> <!-- Default test -->
